2021-12-06 13:37:13.165  INFO 17716 --- [restartedMain] c.company.erp.erplab.ErplabApplication   : Starting ErplabApplication using Java 11.0.10 on Victors-MBP with PID 17716 (/Users/victor/jobs/erplab/target/classes started by victor in /Users/victor/jobs/erplab)
2021-12-06 13:37:13.166  INFO 17716 --- [restartedMain] c.company.erp.erplab.ErplabApplication   : The following profiles are active: dev
2021-12-06 13:37:13.219  INFO 17716 --- [restartedMain] .e.DevToolsPropertyDefaultsPostProcessor : Devtools property defaults active! Set 'spring.devtools.add-properties' to 'false' to disable
2021-12-06 13:37:13.219  INFO 17716 --- [restartedMain] .e.DevToolsPropertyDefaultsPostProcessor : For additional web related logging consider setting the 'logging.level.web' property to 'DEBUG'
2021-12-06 13:37:13.901  INFO 17716 --- [restartedMain] .s.d.r.c.RepositoryConfigurationDelegate : Bootstrapping Spring Data JPA repositories in DEFAULT mode.
2021-12-06 13:37:13.946  INFO 17716 --- [restartedMain] .s.d.r.c.RepositoryConfigurationDelegate : Finished Spring Data repository scanning in 36 ms. Found 2 JPA repository interfaces.
2021-12-06 13:37:14.542  INFO 17716 --- [restartedMain] o.s.b.w.embedded.tomcat.TomcatWebServer  : Tomcat initialized with port(s): 8282 (http)
2021-12-06 13:37:14.555  INFO 17716 --- [restartedMain] o.apache.catalina.core.StandardService   : Starting service [Tomcat]
2021-12-06 13:37:14.555  INFO 17716 --- [restartedMain] org.apache.catalina.core.StandardEngine  : Starting Servlet engine: [Apache Tomcat/9.0.55]
2021-12-06 13:37:14.641  INFO 17716 --- [restartedMain] o.a.c.c.C.[Tomcat].[localhost].[/]       : Initializing Spring embedded WebApplicationContext
2021-12-06 13:37:14.642  INFO 17716 --- [restartedMain] w.s.c.ServletWebServerApplicationContext : Root WebApplicationContext: initialization completed in 1422 ms
2021-12-06 13:37:14.678  INFO 17716 --- [restartedMain] com.zaxxer.hikari.HikariDataSource       : HikariPool-1 - Starting...
2021-12-06 13:37:14.847  INFO 17716 --- [restartedMain] com.zaxxer.hikari.HikariDataSource       : HikariPool-1 - Start completed.
2021-12-06 13:37:14.860  INFO 17716 --- [restartedMain] o.s.b.a.h2.H2ConsoleAutoConfiguration    : H2 console available at '/h2-console'. Database available at 'jdbc:h2:mem:erpdb'
2021-12-06 13:37:14.990  INFO 17716 --- [restartedMain] o.hibernate.jpa.internal.util.LogHelper  : HHH000204: Processing PersistenceUnitInfo [name: default]
2021-12-06 13:37:15.035  INFO 17716 --- [restartedMain] org.hibernate.Version                    : HHH000412: Hibernate ORM core version 5.6.1.Final
2021-12-06 13:37:15.192  INFO 17716 --- [restartedMain] o.hibernate.annotations.common.Version   : HCANN000001: Hibernate Commons Annotations {5.1.2.Final}
2021-12-06 13:37:15.295  INFO 17716 --- [restartedMain] org.hibernate.dialect.Dialect            : HHH000400: Using dialect: org.hibernate.dialect.H2Dialect
2021-12-06 13:37:16.015  INFO 17716 --- [restartedMain] o.h.e.t.j.p.i.JtaPlatformInitiator       : HHH000490: Using JtaPlatform implementation: [org.hibernate.engine.transaction.jta.platform.internal.NoJtaPlatform]
2021-12-06 13:37:16.025  INFO 17716 --- [restartedMain] j.LocalContainerEntityManagerFactoryBean : Initialized JPA EntityManagerFactory for persistence unit 'default'
2021-12-06 13:37:16.346  WARN 17716 --- [restartedMain] JpaBaseConfiguration$JpaWebConfiguration : spring.jpa.open-in-view is enabled by default. Therefore, database queries may be performed during view rendering. Explicitly configure spring.jpa.open-in-view to disable this warning
2021-12-06 13:37:16.714  WARN 17716 --- [restartedMain] o.s.b.d.a.OptionalLiveReloadServer       : Unable to start LiveReload server
2021-12-06 13:37:16.747  INFO 17716 --- [restartedMain] o.s.b.w.embedded.tomcat.TomcatWebServer  : Tomcat started on port(s): 8282 (http) with context path ''
2021-12-06 13:37:16.758  INFO 17716 --- [restartedMain] c.company.erp.erplab.ErplabApplication   : Started ErplabApplication in 3.982 seconds (JVM running for 4.435)
2021-12-06 13:37:26.259  INFO 17716 --- [http-nio-8282-exec-2] o.a.c.c.C.[Tomcat].[localhost].[/]       : Initializing Spring DispatcherServlet 'dispatcherServlet'
2021-12-06 13:37:26.260  INFO 17716 --- [http-nio-8282-exec-2] o.s.web.servlet.DispatcherServlet        : Initializing Servlet 'dispatcherServlet'
2021-12-06 13:37:26.261  INFO 17716 --- [http-nio-8282-exec-2] o.s.web.servlet.DispatcherServlet        : Completed initialization in 1 ms
2021-12-06 13:37:26.395  INFO 17716 --- [http-nio-8282-exec-2] c.c.e.e.b.s.i.ProductDetailServiceImpl   :  ProductDetailServiceImpl -> insert 
2021-12-06 13:37:48.963  INFO 17716 --- [SpringApplicationShutdownHook] j.LocalContainerEntityManagerFactoryBean : Closing JPA EntityManagerFactory for persistence unit 'default'
2021-12-06 13:37:48.963  INFO 17716 --- [SpringApplicationShutdownHook] .SchemaDropperImpl$DelayedDropActionImpl : HHH000477: Starting delayed evictData of schema as part of SessionFactory shut-down'
2021-12-06 13:37:49.177  WARN 17716 --- [SpringApplicationShutdownHook] o.s.b.f.support.DisposableBeanAdapter    : Invocation of destroy method failed on bean with name 'inMemoryDatabaseShutdownExecutor': org.h2.jdbc.JdbcSQLNonTransientConnectionException: Database is already closed (to disable automatic closing at VM shutdown, add ";DB_CLOSE_ON_EXIT=FALSE" to the db URL) [90121-200]
2021-12-06 13:37:49.177  INFO 17716 --- [SpringApplicationShutdownHook] com.zaxxer.hikari.HikariDataSource       : HikariPool-1 - Shutdown initiated...
2021-12-06 13:37:49.180  INFO 17716 --- [SpringApplicationShutdownHook] com.zaxxer.hikari.HikariDataSource       : HikariPool-1 - Shutdown completed.
2021-12-06 13:37:51.349  INFO 17727 --- [restartedMain] c.company.erp.erplab.ErplabApplication   : Starting ErplabApplication using Java 11.0.10 on Victors-MBP with PID 17727 (/Users/victor/jobs/erplab/target/classes started by victor in /Users/victor/jobs/erplab)
2021-12-06 13:37:51.350  INFO 17727 --- [restartedMain] c.company.erp.erplab.ErplabApplication   : The following profiles are active: dev
2021-12-06 13:37:51.408  INFO 17727 --- [restartedMain] .e.DevToolsPropertyDefaultsPostProcessor : Devtools property defaults active! Set 'spring.devtools.add-properties' to 'false' to disable
2021-12-06 13:37:51.408  INFO 17727 --- [restartedMain] .e.DevToolsPropertyDefaultsPostProcessor : For additional web related logging consider setting the 'logging.level.web' property to 'DEBUG'
2021-12-06 13:37:51.994  INFO 17727 --- [restartedMain] .s.d.r.c.RepositoryConfigurationDelegate : Bootstrapping Spring Data JPA repositories in DEFAULT mode.
2021-12-06 13:37:52.038  INFO 17727 --- [restartedMain] .s.d.r.c.RepositoryConfigurationDelegate : Finished Spring Data repository scanning in 37 ms. Found 2 JPA repository interfaces.
2021-12-06 13:37:52.601  INFO 17727 --- [restartedMain] o.s.b.w.embedded.tomcat.TomcatWebServer  : Tomcat initialized with port(s): 8282 (http)
2021-12-06 13:37:52.612  INFO 17727 --- [restartedMain] o.apache.catalina.core.StandardService   : Starting service [Tomcat]
2021-12-06 13:37:52.612  INFO 17727 --- [restartedMain] org.apache.catalina.core.StandardEngine  : Starting Servlet engine: [Apache Tomcat/9.0.55]
2021-12-06 13:37:52.688  INFO 17727 --- [restartedMain] o.a.c.c.C.[Tomcat].[localhost].[/]       : Initializing Spring embedded WebApplicationContext
2021-12-06 13:37:52.688  INFO 17727 --- [restartedMain] w.s.c.ServletWebServerApplicationContext : Root WebApplicationContext: initialization completed in 1279 ms
2021-12-06 13:37:52.726  INFO 17727 --- [restartedMain] com.zaxxer.hikari.HikariDataSource       : HikariPool-1 - Starting...
2021-12-06 13:37:52.900  INFO 17727 --- [restartedMain] com.zaxxer.hikari.HikariDataSource       : HikariPool-1 - Start completed.
2021-12-06 13:37:52.914  INFO 17727 --- [restartedMain] o.s.b.a.h2.H2ConsoleAutoConfiguration    : H2 console available at '/h2-console'. Database available at 'jdbc:h2:mem:erpdb'
2021-12-06 13:37:53.020  INFO 17727 --- [restartedMain] o.hibernate.jpa.internal.util.LogHelper  : HHH000204: Processing PersistenceUnitInfo [name: default]
2021-12-06 13:37:53.061  INFO 17727 --- [restartedMain] org.hibernate.Version                    : HHH000412: Hibernate ORM core version 5.6.1.Final
2021-12-06 13:37:53.203  INFO 17727 --- [restartedMain] o.hibernate.annotations.common.Version   : HCANN000001: Hibernate Commons Annotations {5.1.2.Final}
2021-12-06 13:37:53.302  INFO 17727 --- [restartedMain] org.hibernate.dialect.Dialect            : HHH000400: Using dialect: org.hibernate.dialect.H2Dialect
2021-12-06 13:37:53.907  INFO 17727 --- [restartedMain] o.h.e.t.j.p.i.JtaPlatformInitiator       : HHH000490: Using JtaPlatform implementation: [org.hibernate.engine.transaction.jta.platform.internal.NoJtaPlatform]
2021-12-06 13:37:53.915  INFO 17727 --- [restartedMain] j.LocalContainerEntityManagerFactoryBean : Initialized JPA EntityManagerFactory for persistence unit 'default'
2021-12-06 13:37:54.210  WARN 17727 --- [restartedMain] JpaBaseConfiguration$JpaWebConfiguration : spring.jpa.open-in-view is enabled by default. Therefore, database queries may be performed during view rendering. Explicitly configure spring.jpa.open-in-view to disable this warning
2021-12-06 13:37:54.523  WARN 17727 --- [restartedMain] o.s.b.d.a.OptionalLiveReloadServer       : Unable to start LiveReload server
2021-12-06 13:37:54.550  INFO 17727 --- [restartedMain] o.s.b.w.embedded.tomcat.TomcatWebServer  : Tomcat started on port(s): 8282 (http) with context path ''
2021-12-06 13:37:54.561  INFO 17727 --- [restartedMain] c.company.erp.erplab.ErplabApplication   : Started ErplabApplication in 3.612 seconds (JVM running for 4.039)
2021-12-06 13:37:59.035  INFO 17727 --- [http-nio-8282-exec-2] o.a.c.c.C.[Tomcat].[localhost].[/]       : Initializing Spring DispatcherServlet 'dispatcherServlet'
2021-12-06 13:37:59.036  INFO 17727 --- [http-nio-8282-exec-2] o.s.web.servlet.DispatcherServlet        : Initializing Servlet 'dispatcherServlet'
2021-12-06 13:37:59.037  INFO 17727 --- [http-nio-8282-exec-2] o.s.web.servlet.DispatcherServlet        : Completed initialization in 1 ms
2021-12-06 13:37:59.167  INFO 17727 --- [http-nio-8282-exec-2] c.c.e.e.b.s.i.ProductDetailServiceImpl   :  ProductDetailServiceImpl -> insert 
2021-12-06 13:41:54.302  INFO 17727 --- [SpringApplicationShutdownHook] j.LocalContainerEntityManagerFactoryBean : Closing JPA EntityManagerFactory for persistence unit 'default'
2021-12-06 13:41:54.305  INFO 17727 --- [SpringApplicationShutdownHook] .SchemaDropperImpl$DelayedDropActionImpl : HHH000477: Starting delayed evictData of schema as part of SessionFactory shut-down'
2021-12-06 13:41:54.533  WARN 17727 --- [SpringApplicationShutdownHook] o.s.b.f.support.DisposableBeanAdapter    : Invocation of destroy method failed on bean with name 'inMemoryDatabaseShutdownExecutor': org.h2.jdbc.JdbcSQLNonTransientConnectionException: Database is already closed (to disable automatic closing at VM shutdown, add ";DB_CLOSE_ON_EXIT=FALSE" to the db URL) [90121-200]
2021-12-06 13:41:54.534  INFO 17727 --- [SpringApplicationShutdownHook] com.zaxxer.hikari.HikariDataSource       : HikariPool-1 - Shutdown initiated...
2021-12-06 13:41:54.537  INFO 17727 --- [SpringApplicationShutdownHook] com.zaxxer.hikari.HikariDataSource       : HikariPool-1 - Shutdown completed.
